#
# There is insufficient memory for the Java Runtime Environment to continue.
# Native memory allocation (malloc) failed to allocate 942896 bytes for Chunk::new
# Possible reasons:
#   The system is out of physical RAM or swap space
#   In 32 bit mode, the process size limit was hit
# Possible solutions:
#   Reduce memory load on the system
#   Increase physical memory or swap space
#   Check if swap backing store is full
#   Use 64 bit Java on a 64 bit OS
#   Decrease Java heap size (-Xmx/-Xms)
#   Decrease number of Java threads
#   Decrease Java thread stack sizes (-Xss)
#   Set larger code cache with -XX:ReservedCodeCacheSize=
# This output file may be truncated or incomplete.
#
#  Out of Memory Error (allocation.cpp:390), pid=8768, tid=0x00000000000024a4
#
# JRE version: Java(TM) SE Runtime Environment (8.0_131-b11) (build 1.8.0_131-b11)
# Java VM: Java HotSpot(TM) 64-Bit Server VM (25.131-b11 mixed mode windows-amd64 compressed oops)
# Failed to write core dump. Minidumps are not enabled by default on client versions of Windows
#

---------------  T H R E A D  ---------------

Current thread (0x0000000017c2c800):  JavaThread "C2 CompilerThread0" daemon [_thread_in_native, id=9380, stack(0x00000000198f0000,0x00000000199f0000)]

Stack: [0x00000000198f0000,0x00000000199f0000]
[error occurred during error reporting (printing stack bounds), id 0xc0000005]

Native frames: (J=compiled Java code, j=interpreted, Vv=VM code, C=native code)


Current CompileTask:
C2:   9382 4202   !   4       org.springframework.core.annotation.AnnotationUtils::getAnnotatedMethodsInBaseType (163 bytes)


---------------  P R O C E S S  ---------------

Java Threads: ( => current thread )
  0x000000001a7cc800 JavaThread "Druid-ConnectionPool-Destroy-1812200214" daemon [_thread_blocked, id=10608, stack(0x0000000020710000,0x0000000020810000)]
  0x000000001f45d000 JavaThread "Druid-ConnectionPool-Create-1812200214" daemon [_thread_blocked, id=9952, stack(0x0000000020610000,0x0000000020710000)]
  0x00000000196e7800 JavaThread "Abandoned connection cleanup thread" daemon [_thread_blocked, id=5708, stack(0x0000000020060000,0x0000000020160000)]
  0x000000001a073800 JavaThread "container-0" [_thread_blocked, id=10760, stack(0x000000001ff60000,0x0000000020060000)]
  0x000000001afc2800 JavaThread "ContainerBackgroundProcessor[StandardEngine[Tomcat]]" daemon [_thread_blocked, id=11008, stack(0x000000001fe60000,0x000000001ff60000)]
  0x000000001e806000 JavaThread "localhost-startStop-1" daemon [_thread_blocked, id=8508, stack(0x000000001bac0000,0x000000001bbc0000)]
  0x000000001e4ec800 JavaThread "Tomcat-startStop-1" daemon [_thread_blocked, id=9104, stack(0x000000001b5c0000,0x000000001b6c0000)]
  0x000000001937e000 JavaThread "Service Thread" daemon [_thread_blocked, id=10976, stack(0x0000000019bf0000,0x0000000019cf0000)]
  0x0000000019304800 JavaThread "C1 CompilerThread2" daemon [_thread_blocked, id=11040, stack(0x0000000019af0000,0x0000000019bf0000)]
  0x0000000019301000 JavaThread "C2 CompilerThread1" daemon [_thread_in_native, id=9236, stack(0x00000000199f0000,0x0000000019af0000)]
=>0x0000000017c2c800 JavaThread "C2 CompilerThread0" daemon [_thread_in_native, id=9380, stack(0x00000000198f0000,0x00000000199f0000)]
  0x0000000017c2b800 JavaThread "Attach Listener" daemon [_thread_blocked, id=10220, stack(0x00000000197f0000,0x00000000198f0000)]
  0x0000000017be4800 JavaThread "Signal Dispatcher" daemon [_thread_blocked, id=9296, stack(0x00000000196f0000,0x00000000197f0000)]
  0x0000000017bc0000 JavaThread "Finalizer" daemon [_thread_blocked, id=7592, stack(0x0000000018e50000,0x0000000018f50000)]
  0x0000000003077800 JavaThread "Reference Handler" daemon [_thread_blocked, id=10032, stack(0x0000000018d50000,0x0000000018e50000)]
  0x0000000002f88000 JavaThread "main" [_thread_in_Java, id=6632, stack(0x0000000002e80000,0x0000000002f80000)]

Other Threads:
  0x0000000017b97000 VMThread [stack: 0x0000000018c50000,0x0000000018d50000] [id=6812]
  0x00000000193ad800 WatcherThread [stack: 0x0000000019cf0000,0x0000000019df0000] [id=10916]

VM state:not at safepoint (normal execution)

VM Mutex/Monitor currently owned by a thread: None

Heap:
 PSYoungGen      total 194048K, used 134665K [0x00000000d5d80000, 0x00000000e2f80000, 0x0000000100000000)
  eden space 180736K, 67% used [0x00000000d5d80000,0x00000000dd4096f0,0x00000000e0e00000)
  from space 13312K, 99% used [0x00000000e2280000,0x00000000e2f790b8,0x00000000e2f80000)
  to   space 15360K, 0% used [0x00000000e1180000,0x00000000e1180000,0x00000000e2080000)
 ParOldGen       total 58368K, used 20275K [0x0000000081800000, 0x0000000085100000, 0x00000000d5d80000)
  object space 58368K, 34% used [0x0000000081800000,0x0000000082bccc70,0x0000000085100000)
 Metaspace       used 49143K, capacity 50806K, committed 50992K, reserved 1093632K
  class space    used 6380K, capacity 6667K, committed 6704K, reserved 1048576K

Card table byte_map: [0x0000000012440000,0x0000000012840000] byte_map_base: 0x0000000012034000

Marking Bits: (ParMarkBitMap*) 0x000000005d3cc720
 Begin Bits: [0x0000000012ef0000, 0x0000000014e90000)
 End Bits:   [0x0000000014e90000, 0x0000000016e30000)

Polling page: 0x00000000010f0000

CodeCache: size=245760Kb used=14581Kb max_used=14581Kb free=231178Kb
 bounds [0x0000000003080000, 0x0000000003ed0000, 0x0000000012080000]
 total_blobs=4545 nmethods=4039 adapters=418
 compilation: enabled

Compilation events (10 events):
Event: 9.378 Thread 0x0000000019304800 4581       2       org.springframework.beans.factory.support.AbstractBeanDefinition::setSynthetic (6 bytes)
Event: 9.378 Thread 0x0000000019304800 nmethod 4581 0x0000000003ec5990 code [0x0000000003ec5ae0, 0x0000000003ec5c30]
Event: 9.378 Thread 0x0000000019304800 4576       2       org.springframework.beans.factory.support.AbstractBeanDefinition::setDependsOn (6 bytes)
Event: 9.378 Thread 0x0000000019304800 nmethod 4576 0x0000000003ec5cd0 code [0x0000000003ec5e20, 0x0000000003ec5f90]
Event: 9.378 Thread 0x0000000019304800 4577       2       org.springframework.beans.factory.support.AbstractBeanDefinition::setAutowireCandidate (6 bytes)
Event: 9.378 Thread 0x0000000019304800 nmethod 4577 0x0000000003ec6010 code [0x0000000003ec6160, 0x0000000003ec62b0]
Event: 9.378 Thread 0x0000000019304800 4578       2       org.springframework.beans.factory.support.AbstractBeanDefinition::copyQualifiersFrom (20 bytes)
Event: 9.378 Thread 0x0000000019304800 nmethod 4578 0x0000000003ec6350 code [0x0000000003ec64c0, 0x0000000003ec66f8]
Event: 9.378 Thread 0x0000000019304800 4579       2       org.springframework.beans.factory.support.AbstractBeanDefinition::setNonPublicAccessAllowed (6 bytes)
Event: 9.378 Thread 0x0000000019304800 nmethod 4579 0x0000000003ec6850 code [0x0000000003ec69a0, 0x0000000003ec6af0]

GC Heap History (10 events):
Event: 3.627 GC heap before
{Heap before GC invocations=8 (full 1):
 PSYoungGen      total 104960K, used 104843K [0x00000000d5d80000, 0x00000000ded00000, 0x0000000100000000)
  eden space 99328K, 100% used [0x00000000d5d80000,0x00000000dbe80000,0x00000000dbe80000)
  from space 5632K, 97% used [0x00000000de780000,0x00000000dece2f40,0x00000000ded00000)
  to   space 8192K, 0% used [0x00000000ddd00000,0x00000000ddd00000,0x00000000de500000)
 ParOldGen       total 58368K, used 6933K [0x0000000081800000, 0x0000000085100000, 0x00000000d5d80000)
  object space 58368K, 11% used [0x0000000081800000,0x0000000081ec54a0,0x0000000085100000)
 Metaspace       used 27317K, capacity 28328K, committed 28592K, reserved 1075200K
  class space    used 3520K, capacity 3722K, committed 3760K, reserved 1048576K
Event: 3.635 GC heap after
Heap after GC invocations=8 (full 1):
 PSYoungGen      total 138752K, used 7709K [0x00000000d5d80000, 0x00000000dfd80000, 0x0000000100000000)
  eden space 130560K, 0% used [0x00000000d5d80000,0x00000000d5d80000,0x00000000ddd00000)
  from space 8192K, 94% used [0x00000000ddd00000,0x00000000de487528,0x00000000de500000)
  to   space 8704K, 0% used [0x00000000df500000,0x00000000df500000,0x00000000dfd80000)
 ParOldGen       total 58368K, used 6941K [0x0000000081800000, 0x0000000085100000, 0x00000000d5d80000)
  object space 58368K, 11% used [0x0000000081800000,0x0000000081ec74a0,0x0000000085100000)
 Metaspace       used 27317K, capacity 28328K, committed 28592K, reserved 1075200K
  class space    used 3520K, capacity 3722K, committed 3760K, reserved 1048576K
}
Event: 5.424 GC heap before
{Heap before GC invocations=9 (full 1):
 PSYoungGen      total 138752K, used 138269K [0x00000000d5d80000, 0x00000000dfd80000, 0x0000000100000000)
  eden space 130560K, 100% used [0x00000000d5d80000,0x00000000ddd00000,0x00000000ddd00000)
  from space 8192K, 94% used [0x00000000ddd00000,0x00000000de487528,0x00000000de500000)
  to   space 8704K, 0% used [0x00000000df500000,0x00000000df500000,0x00000000dfd80000)
 ParOldGen       total 58368K, used 6941K [0x0000000081800000, 0x0000000085100000, 0x00000000d5d80000)
  object space 58368K, 11% used [0x0000000081800000,0x0000000081ec74a0,0x0000000085100000)
 Metaspace       used 32971K, capacity 34422K, committed 34608K, reserved 1079296K
  class space    used 4252K, capacity 4539K, committed 4656K, reserved 1048576K
Event: 5.442 GC heap after
Heap after GC invocations=9 (full 1):
 PSYoungGen      total 151040K, used 8681K [0x00000000d5d80000, 0x00000000e2d80000, 0x0000000100000000)
  eden space 142336K, 0% used [0x00000000d5d80000,0x00000000d5d80000,0x00000000de880000)
  from space 8704K, 99% used [0x00000000df500000,0x00000000dfd7a6d0,0x00000000dfd80000)
  to   space 12800K, 0% used [0x00000000de880000,0x00000000de880000,0x00000000df500000)
 ParOldGen       total 58368K, used 14441K [0x0000000081800000, 0x0000000085100000, 0x00000000d5d80000)
  object space 58368K, 24% used [0x0000000081800000,0x000000008261a5b0,0x0000000085100000)
 Metaspace       used 32971K, capacity 34422K, committed 34608K, reserved 1079296K
  class space    used 4252K, capacity 4539K, committed 4656K, reserved 1048576K
}
Event: 5.754 GC heap before
{Heap before GC invocations=10 (full 1):
 PSYoungGen      total 151040K, used 73870K [0x00000000d5d80000, 0x00000000e2d80000, 0x0000000100000000)
  eden space 142336K, 45% used [0x00000000d5d80000,0x00000000d9d291b0,0x00000000de880000)
  from space 8704K, 99% used [0x00000000df500000,0x00000000dfd7a6d0,0x00000000dfd80000)
  to   space 12800K, 0% used [0x00000000de880000,0x00000000de880000,0x00000000df500000)
 ParOldGen       total 58368K, used 14441K [0x0000000081800000, 0x0000000085100000, 0x00000000d5d80000)
  object space 58368K, 24% used [0x0000000081800000,0x000000008261a5b0,0x0000000085100000)
 Metaspace       used 33978K, capacity 35348K, committed 35496K, reserved 1081344K
  class space    used 4358K, capacity 4608K, committed 4656K, reserved 1048576K
Event: 5.773 GC heap after
Heap after GC invocations=10 (full 1):
 PSYoungGen      total 155136K, used 10079K [0x00000000d5d80000, 0x00000000e2f80000, 0x0000000100000000)
  eden space 142336K, 0% used [0x00000000d5d80000,0x00000000d5d80000,0x00000000de880000)
  from space 12800K, 78% used [0x00000000de880000,0x00000000df257d20,0x00000000df500000)
  to   space 13312K, 0% used [0x00000000e2280000,0x00000000e2280000,0x00000000e2f80000)
 ParOldGen       total 58368K, used 14449K [0x0000000081800000, 0x0000000085100000, 0x00000000d5d80000)
  object space 58368K, 24% used [0x0000000081800000,0x000000008261c5b0,0x0000000085100000)
 Metaspace       used 33978K, capacity 35348K, committed 35496K, reserved 1081344K
  class space    used 4358K, capacity 4608K, committed 4656K, reserved 1048576K
}
Event: 5.773 GC heap before
{Heap before GC invocations=11 (full 2):
 PSYoungGen      total 155136K, used 10079K [0x00000000d5d80000, 0x00000000e2f80000, 0x0000000100000000)
  eden space 142336K, 0% used [0x00000000d5d80000,0x00000000d5d80000,0x00000000de880000)
  from space 12800K, 78% used [0x00000000de880000,0x00000000df257d20,0x00000000df500000)
  to   space 13312K, 0% used [0x00000000e2280000,0x00000000e2280000,0x00000000e2f80000)
 ParOldGen       total 58368K, used 14449K [0x0000000081800000, 0x0000000085100000, 0x00000000d5d80000)
  object space 58368K, 24% used [0x0000000081800000,0x000000008261c5b0,0x0000000085100000)
 Metaspace       used 33978K, capacity 35348K, committed 35496K, reserved 1081344K
  class space    used 4358K, capacity 4608K, committed 4656K, reserved 1048576K
Event: 5.934 GC heap after
Heap after GC invocations=11 (full 2):
 PSYoungGen      total 155136K, used 0K [0x00000000d5d80000, 0x00000000e2f80000, 0x0000000100000000)
  eden space 142336K, 0% used [0x00000000d5d80000,0x00000000d5d80000,0x00000000de880000)
  from space 12800K, 0% used [0x00000000de880000,0x00000000de880000,0x00000000df500000)
  to   space 13312K, 0% used [0x00000000e2280000,0x00000000e2280000,0x00000000e2f80000)
 ParOldGen       total 58368K, used 18591K [0x0000000081800000, 0x0000000085100000, 0x00000000d5d80000)
  object space 58368K, 31% used [0x0000000081800000,0x0000000082a27d30,0x0000000085100000)
 Metaspace       used 33978K, capacity 35348K, committed 35496K, reserved 1081344K
  class space    used 4358K, capacity 4608K, committed 4656K, reserved 1048576K
}
Event: 8.376 GC heap before
{Heap before GC invocations=12 (full 2):
 PSYoungGen      total 155136K, used 142336K [0x00000000d5d80000, 0x00000000e2f80000, 0x0000000100000000)
  eden space 142336K, 100% used [0x00000000d5d80000,0x00000000de880000,0x00000000de880000)
  from space 12800K, 0% used [0x00000000de880000,0x00000000de880000,0x00000000df500000)
  to   space 13312K, 0% used [0x00000000e2280000,0x00000000e2280000,0x00000000e2f80000)
 ParOldGen       total 58368K, used 18591K [0x0000000081800000, 0x0000000085100000, 0x00000000d5d80000)
  object space 58368K, 31% used [0x0000000081800000,0x0000000082a27d30,0x0000000085100000)
 Metaspace       used 46407K, capacity 47862K, committed 48304K, reserved 1091584K
  class space    used 6029K, capacity 6313K, committed 6320K, reserved 1048576K
Event: 8.413 GC heap after
Heap after GC invocations=12 (full 2):
 PSYoungGen      total 194048K, used 13284K [0x00000000d5d80000, 0x00000000e2f80000, 0x0000000100000000)
  eden space 180736K, 0% used [0x00000000d5d80000,0x00000000d5d80000,0x00000000e0e00000)
  from space 13312K, 99% used [0x00000000e2280000,0x00000000e2f790b8,0x00000000e2f80000)
  to   space 15360K, 0% used [0x00000000e1180000,0x00000000e1180000,0x00000000e2080000)
 ParOldGen       total 58368K, used 20275K [0x0000000081800000, 0x0000000085100000, 0x00000000d5d80000)
  object space 58368K, 34% used [0x0000000081800000,0x0000000082bccc70,0x0000000085100000)
 Metaspace       used 46407K, capacity 47862K, committed 48304K, reserved 1091584K
  class space    used 6029K, capacity 6313K, committed 6320K, reserved 1048576K
}

Deoptimization events (10 events):
Event: 8.172 Thread 0x0000000002f88000 Uncommon trap: reason=class_check action=maybe_recompile pc=0x0000000003e35210 method=org.springframework.core.annotation.AnnotatedElementUtils.searchOnInterfaces(Ljava/lang/reflect/Method;Ljava/lang/Class;Ljava/lang/String;Ljava/lang/Class;Lorg/springfra
Event: 8.172 Thread 0x0000000002f88000 Uncommon trap: reason=null_check action=make_not_entrant pc=0x0000000003e39dbc method=org.springframework.core.annotation.AnnotatedElementUtils.searchWithFindSemantics(Ljava/lang/reflect/AnnotatedElement;Ljava/lang/Class;Ljava/lang/String;Ljava/lang/Class
Event: 8.207 Thread 0x0000000002f88000 Uncommon trap: reason=null_check action=make_not_entrant pc=0x0000000003bfbcec method=org.springframework.beans.factory.support.DefaultSingletonBeanRegistry.getSingleton(Ljava/lang/String;Z)Ljava/lang/Object; @ 60
Event: 8.515 Thread 0x0000000002f88000 Uncommon trap: reason=unstable_if action=reinterpret pc=0x00000000034bdbcc method=org.springframework.boot.context.properties.source.ConfigurationPropertyName.elementEquals(Ljava/lang/CharSequence;Ljava/lang/CharSequence;)Z @ 75
Event: 8.961 Thread 0x0000000002f88000 Uncommon trap: reason=unstable_if action=reinterpret pc=0x000000000346dc90 method=java.util.concurrent.ConcurrentHashMap.transfer([Ljava/util/concurrent/ConcurrentHashMap$Node;[Ljava/util/concurrent/ConcurrentHashMap$Node;)V @ 356
Event: 9.112 Thread 0x0000000002f88000 Uncommon trap: reason=unstable_if action=reinterpret pc=0x000000000387713c method=java.io.WinNTFileSystem.isLetter(C)Z @ 3
Event: 9.167 Thread 0x0000000002f88000 Uncommon trap: reason=unstable_if action=reinterpret pc=0x0000000003af4f3c method=org.springframework.util.ObjectUtils.nullSafeHashCode(Ljava/lang/Object;)I @ 13
Event: 9.174 Thread 0x0000000002f88000 Uncommon trap: reason=unstable_if action=reinterpret pc=0x000000000381cf00 method=org.springframework.boot.context.properties.source.ConfigurationPropertyName.cleanupCharSequence(Ljava/lang/CharSequence;Lorg/springframework/boot/context/properties/source/
Event: 9.175 Thread 0x0000000002f88000 Uncommon trap: reason=unstable_if action=reinterpret pc=0x0000000003e065ac method=org.springframework.core.ResolvableType.getInterfaces()[Lorg/springframework/core/ResolvableType; @ 27
Event: 9.364 Thread 0x0000000002f88000 Uncommon trap: reason=unstable_if action=reinterpret pc=0x00000000035232d0 method=sun.reflect.misc.ReflectUtil.isNonPublicProxyClass(Ljava/lang/Class;)Z @ 33

Internal exceptions (10 events):
Event: 9.368 Thread 0x0000000002f88000 Exception <a 'java/lang/ClassNotFoundException': java/lang/ObjectCustomizer> (0x00000000dd093310) thrown at [C:\re\workspace\8-2-build-windows-amd64-cygwin\jdk8u131\8869\hotspot\src\share\vm\classfile\systemDictionary.cpp, line 210]
Event: 9.368 Thread 0x0000000002f88000 Exception <a 'java/lang/ClassNotFoundException': org/springframework/data/jpa/repository/support/DefaultJpaContextCustomizer> (0x00000000dd0bb2e0) thrown at [C:\re\workspace\8-2-build-windows-amd64-cygwin\jdk8u131\8869\hotspot\src\share\vm\classfile\syste
Event: 9.369 Thread 0x0000000002f88000 Exception <a 'java/lang/ClassNotFoundException': org/springframework/data/jpa/repository/JpaContextCustomizer> (0x00000000dd0dcf60) thrown at [C:\re\workspace\8-2-build-windows-amd64-cygwin\jdk8u131\8869\hotspot\src\share\vm\classfile\systemDictionary.cpp
Event: 9.369 Thread 0x0000000002f88000 Exception <a 'java/lang/ClassNotFoundException': java/lang/ObjectCustomizer> (0x00000000dd0ebbe0) thrown at [C:\re\workspace\8-2-build-windows-amd64-cygwin\jdk8u131\8869\hotspot\src\share\vm\classfile\systemDictionary.cpp, line 210]
Event: 9.370 Thread 0x0000000002f88000 Exception <a 'java/lang/ClassNotFoundException': org/springframework/data/jpa/util/JpaMetamodelCacheCleanupCustomizer> (0x00000000dd110cd8) thrown at [C:\re\workspace\8-2-build-windows-amd64-cygwin\jdk8u131\8869\hotspot\src\share\vm\classfile\systemDictio
Event: 9.371 Thread 0x0000000002f88000 Exception <a 'java/lang/ClassNotFoundException': org/springframework/beans/factory/DisposableBeanCustomizer> (0x00000000dd1303f8) thrown at [C:\re\workspace\8-2-build-windows-amd64-cygwin\jdk8u131\8869\hotspot\src\share\vm\classfile\systemDictionary.cpp, 
Event: 9.372 Thread 0x0000000002f88000 Exception <a 'java/lang/ClassNotFoundException': java/lang/ObjectCustomizer> (0x00000000dd142888) thrown at [C:\re\workspace\8-2-build-windows-amd64-cygwin\jdk8u131\8869\hotspot\src\share\vm\classfile\systemDictionary.cpp, line 210]
Event: 9.373 Thread 0x0000000002f88000 Exception <a 'java/lang/ClassNotFoundException': org/springframework/boot/autoconfigure/gson/GsonAutoConfigurationCustomizer> (0x00000000dd16a838) thrown at [C:\re\workspace\8-2-build-windows-amd64-cygwin\jdk8u131\8869\hotspot\src\share\vm\classfile\syste
Event: 9.373 Thread 0x0000000002f88000 Exception <a 'java/lang/ClassNotFoundException': org/springframework/boot/autoconfigure/gson/GsonAutoConfiguration$$EnhancerBySpringCGLIB$$24029678Customizer> (0x00000000dd19ee00) thrown at [C:\re\workspace\8-2-build-windows-amd64-cygwin\jdk8u131\8869\hot
Event: 9.374 Thread 0x0000000002f88000 Exception <a 'java/lang/ClassNotFoundException': org/springframework/context/annotation/ConfigurationClassEnhancer$EnhancedConfigurationCustomizer> (0x00000000dd1d4328) thrown at [C:\re\workspace\8-2-build-windows-amd64-cygwin\jdk8u131\8869\hotspot\src\sh

Events (10 events):
Event: 9.373 loading class org/springframework/boot/autoconfigure/gson/GsonAutoConfiguration$$EnhancerBySpringCGLIB$$24029678Customizer
Event: 9.373 loading class org/springframework/boot/autoconfigure/gson/GsonAutoConfiguration$$EnhancerBySpringCGLIB$$24029678Customizer done
Event: 9.374 loading class org/springframework/context/annotation/ConfigurationClassEnhancer$EnhancedConfigurationCustomizer
Event: 9.374 loading class org/springframework/context/annotation/ConfigurationClassEnhancer$EnhancedConfigurationCustomizer done
Event: 9.374 loading class org/springframework/context/annotation/ConfigurationClassEnhancer$EnhancedConfigurationCustomizer
Event: 9.374 loading class org/springframework/context/annotation/ConfigurationClassEnhancer$EnhancedConfigurationCustomizer done
Event: 9.374 loading class org/springframework/context/annotation/ConfigurationClassEnhancer$EnhancedConfigurationCustomizer
Event: 9.374 loading class org/springframework/context/annotation/ConfigurationClassEnhancer$EnhancedConfigurationCustomizer done
Event: 9.378 loading class java/lang/ObjectCustomizer
Event: 9.378 loading class java/lang/ObjectCustomizer done


Dynamic libraries:
0x00007ff7e1320000 - 0x00007ff7e1357000 	C:\Program Files\Java\jdk1.8.0_131\bin\javaw.exe
0x00007ff8c0ce0000 - 0x00007ff8c0e8a000 	C:\Windows\SYSTEM32\ntdll.dll
0x00007ff8be7b0000 - 0x00007ff8be8ea000 	C:\Windows\system32\KERNEL32.DLL
0x00007ff8be450000 - 0x00007ff8be560000 	C:\Windows\system32\KERNELBASE.dll
0x00007ff8bc070000 - 0x00007ff8bc0f8000 	C:\Windows\system32\apphelp.dll
0x00007ff8b2e80000 - 0x00007ff8b2ecf000 	C:\Windows\AppPatch\AppPatch64\AcGenral.DLL
0x00007ff8bff00000 - 0x00007ff8bffa7000 	C:\Windows\system32\msvcrt.dll
0x00007ff8bdf00000 - 0x00007ff8bdf2b000 	C:\Windows\SYSTEM32\SspiCli.dll
0x00007ff8c0300000 - 0x00007ff8c0351000 	C:\Windows\system32\SHLWAPI.dll
0x00007ff8c07b0000 - 0x00007ff8c0921000 	C:\Windows\system32\USER32.dll
0x00007ff8c0630000 - 0x00007ff8c07a8000 	C:\Windows\system32\ole32.dll
0x00007ff8be8f0000 - 0x00007ff8bfd07000 	C:\Windows\system32\SHELL32.dll
0x00007ff8bd6c0000 - 0x00007ff8bd6df000 	C:\Windows\SYSTEM32\USERENV.dll
0x00007ff8bfe50000 - 0x00007ff8bfef5000 	C:\Windows\system32\ADVAPI32.dll
0x00007ff8b3db0000 - 0x00007ff8b3dcb000 	C:\Windows\SYSTEM32\MPR.dll
0x00007ff8bfd10000 - 0x00007ff8bfe46000 	C:\Windows\system32\RPCRT4.dll
0x00007ff8c0360000 - 0x00007ff8c03b7000 	C:\Windows\SYSTEM32\sechost.dll
0x00007ff8c0420000 - 0x00007ff8c05f6000 	C:\Windows\SYSTEM32\combase.dll
0x00007ff8c0b80000 - 0x00007ff8c0cc5000 	C:\Windows\system32\GDI32.dll
0x00007ff8be050000 - 0x00007ff8be064000 	C:\Windows\SYSTEM32\profapi.dll
0x00007ff8bba80000 - 0x00007ff8bbb1f000 	C:\Windows\SYSTEM32\SHCORE.dll
0x00007ff8c01a0000 - 0x00007ff8c01d4000 	C:\Windows\system32\IMM32.DLL
0x00007ff8c0930000 - 0x00007ff8c0a69000 	C:\Windows\system32\MSCTF.dll
0x00007ff8ba4f0000 - 0x00007ff8ba74a000 	C:\Windows\WinSxS\amd64_microsoft.windows.common-controls_6595b64144ccf1df_6.0.9600.17031_none_6242a4b3ecbb55a1\COMCTL32.dll
0x000000005c9b0000 - 0x000000005ca82000 	C:\Program Files\Java\jdk1.8.0_131\jre\bin\msvcr100.dll
0x000000005cbb0000 - 0x000000005d44c000 	C:\Program Files\Java\jdk1.8.0_131\jre\bin\server\jvm.dll
0x00007ff8b6a40000 - 0x00007ff8b6a49000 	C:\Windows\SYSTEM32\WSOCK32.dll
0x00007ff8b2910000 - 0x00007ff8b292f000 	C:\Windows\SYSTEM32\WINMM.dll
0x00007ff8b6fa0000 - 0x00007ff8b6faa000 	C:\Windows\SYSTEM32\VERSION.dll
0x00007ff8c0cd0000 - 0x00007ff8c0cd7000 	C:\Windows\system32\PSAPI.DLL
0x00007ff8c03c0000 - 0x00007ff8c0418000 	C:\Windows\system32\WS2_32.dll
0x00007ff8b26f0000 - 0x00007ff8b271a000 	C:\Windows\SYSTEM32\WINMMBASE.dll
0x00007ff8c0620000 - 0x00007ff8c0629000 	C:\Windows\system32\NSI.dll
0x00007ff8be170000 - 0x00007ff8be1ba000 	C:\Windows\SYSTEM32\cfgmgr32.dll
0x00007ff8bced0000 - 0x00007ff8bcef6000 	C:\Windows\SYSTEM32\DEVOBJ.dll
0x000000005cba0000 - 0x000000005cbaf000 	C:\Program Files\Java\jdk1.8.0_131\jre\bin\verify.dll
0x000000005cb70000 - 0x000000005cb99000 	C:\Program Files\Java\jdk1.8.0_131\jre\bin\java.dll
0x000000005cb20000 - 0x000000005cb36000 	C:\Program Files\Java\jdk1.8.0_131\jre\bin\zip.dll
0x000000005cb00000 - 0x000000005cb1a000 	C:\Program Files\Java\jdk1.8.0_131\jre\bin\net.dll
0x00007ff8bd910000 - 0x00007ff8bd968000 	C:\Windows\system32\mswsock.dll
0x00007ff8b9870000 - 0x00007ff8b9899000 	C:\Windows\SYSTEM32\IPHLPAPI.DLL
0x00007ff8b9840000 - 0x00007ff8b984a000 	C:\Windows\SYSTEM32\WINNSI.DLL
0x00007ff8b96e0000 - 0x00007ff8b96f4000 	C:\Windows\SYSTEM32\dhcpcsvc6.DLL
0x00007ff8b96c0000 - 0x00007ff8b96d9000 	C:\Windows\SYSTEM32\dhcpcsvc.DLL
0x00007ff8bd720000 - 0x00007ff8bd7c3000 	C:\Windows\SYSTEM32\DNSAPI.dll
0x000000005f630000 - 0x000000005f656000 	C:\Program Files\Bonjour\mdnsNSP.dll
0x00007ff8b6510000 - 0x00007ff8b6519000 	C:\Windows\System32\rasadhlp.dll
0x00007ff8b9420000 - 0x00007ff8b9487000 	C:\Windows\System32\fwpuclnt.dll
0x000000005caa0000 - 0x000000005caad000 	C:\Program Files\Java\jdk1.8.0_131\jre\bin\management.dll
0x00007ff8b49e0000 - 0x00007ff8b49f4000 	C:\Windows\system32\napinsp.dll
0x00007ff8b4730000 - 0x00007ff8b4749000 	C:\Windows\system32\pnrpnsp.dll
0x00007ff8bc6f0000 - 0x00007ff8bc709000 	C:\Windows\system32\NLAapi.dll
0x00007ff8b49d0000 - 0x00007ff8b49dc000 	C:\Windows\System32\winrnr.dll
0x00007ff8b4710000 - 0x00007ff8b4723000 	C:\Windows\system32\wshbth.dll
0x000000005cae0000 - 0x000000005caf1000 	C:\Program Files\Java\jdk1.8.0_131\jre\bin\nio.dll
0x00007ff8bd970000 - 0x00007ff8bd98e000 	C:\Windows\SYSTEM32\CRYPTSP.dll
0x00007ff8bd5b0000 - 0x00007ff8bd5e5000 	C:\Windows\system32\rsaenh.dll
0x00007ff8bdba0000 - 0x00007ff8bdbc6000 	C:\Windows\SYSTEM32\bcrypt.dll
0x00007ff8bdf30000 - 0x00007ff8bdf90000 	C:\Windows\system32\bcryptprimitives.dll
0x00007ff8bdf90000 - 0x00007ff8bdf9a000 	C:\Windows\SYSTEM32\CRYPTBASE.dll

VM Arguments:
jvm_args: -Dfile.encoding=UTF-8 
java_command: ia.demo.UserServiceApplication
java_class_path (initial): C:\Users\deepsky\Documents\work\GitHub\ia-arch\ia-user-service\target\classes;C:\Users\deepsky\.m2\repository\org\springframework\boot\spring-boot-starter-data-jpa\2.0.7.RELEASE\spring-boot-starter-data-jpa-2.0.7.RELEASE.jar;C:\Users\deepsky\.m2\repository\org\springframework\boot\spring-boot-starter-aop\2.0.7.RELEASE\spring-boot-starter-aop-2.0.7.RELEASE.jar;C:\Users\deepsky\.m2\repository\org\springframework\spring-aop\5.0.11.RELEASE\spring-aop-5.0.11.RELEASE.jar;C:\Users\deepsky\.m2\repository\org\aspectj\aspectjweaver\1.8.13\aspectjweaver-1.8.13.jar;C:\Users\deepsky\.m2\repository\org\springframework\boot\spring-boot-starter-jdbc\2.0.7.RELEASE\spring-boot-starter-jdbc-2.0.7.RELEASE.jar;C:\Users\deepsky\.m2\repository\com\zaxxer\HikariCP\2.7.9\HikariCP-2.7.9.jar;C:\Users\deepsky\.m2\repository\org\springframework\spring-jdbc\5.0.11.RELEASE\spring-jdbc-5.0.11.RELEASE.jar;C:\Users\deepsky\.m2\repository\javax\transaction\javax.transaction-api\1.2\javax.transaction-api-1.2.jar;C:\Users\deepsky\.m2\repository\org\hibernate\hibernate-core\5.2.17.Final\hibernate-core-5.2.17.Final.jar;C:\Users\deepsky\.m2\repository\org\jboss\logging\jboss-logging\3.3.2.Final\jboss-logging-3.3.2.Final.jar;C:\Users\deepsky\.m2\repository\org\hibernate\javax\persistence\hibernate-jpa-2.1-api\1.0.2.Final\hibernate-jpa-2.1-api-1.0.2.Final.jar;C:\Users\deepsky\.m2\repository\org\javassist\javassist\3.22.0-GA\javassist-3.22.0-GA.jar;C:\Users\deepsky\.m2\repository\antlr\antlr\2.7.7\antlr-2.7.7.jar;C:\Users\deepsky\.m2\repository\org\jboss\jandex\2.0.3.Final\jandex-2.0.3.Final.jar;C:\Users\deepsky\.m2\repository\com\fasterxml\classmate\1.3.4\classmate-1.3.4.jar;C:\Users\deepsky\.m2\repository\dom4j\dom4j\1.6.1\dom4j-1.6.1.jar;C:\Users\deepsky\.m2\repository\org\hibernate\common\hibernate-commons-annotations\5.0.1.Final\hibernate-commons-annotations-5.0.1.Final.jar;C:\Users\deepsky\.m2\repository\org\springframework\data\spring-data-jpa\2.0.12.RELEASE\spring-data-jp
Launcher Type: SUN_STANDARD

Environment Variables:
JAVA_HOME=C:\Program Files\Java\jdk1.8.0_131
CLASSPATH=.;C:\Program Files\Java\jdk1.8.0_131\jre\lib\rt.jar;C:\bea\jdk150_10\lib\tools.jar;elasticsearch-jdbc-2.3.0.0.jar
PATH=C:/Program Files/Java/jdk1.8.0_131/bin/../jre/bin/server;C:/Program Files/Java/jdk1.8.0_131/bin/../jre/bin;C:/Program Files/Java/jdk1.8.0_131/bin/../jre/lib/amd64;C:\Program Files (x86)\Common Files\NetSarang;C:\Program Files (x86)\Intel\iCLS Client\;C:\Program Files\Intel\iCLS Client\;C:\Windows\system32;C:\Windows;C:\Windows\System32\Wbem;C:\Windows\System32\WindowsPowerShell\v1.0\;%TFSPowerToolDir%;C:\Program Files\TortoiseSVN\bin;C:\Program Files\doxygen\bin;C:\Program Files (x86)\Tesseract-OCR;C:\Program Files (x86)\MySQL\MySQL Fabric 1.5.3 & MySQL Utilities 1.5.3 1.5\;C:\Program Files (x86)\MySQL\MySQL Fabric 1.5.3 & MySQL Utilities 1.5.3 1.5\Doctrine extensions for PHP\;C:\nodejs\;C:\Program Files\Git\cmd;C:\Program Files\Java\jdk1.8.0_131\bin;C:\Ruby23-x64\bin;C:\Program Files\Internet Explorer;C:\Program Files (x86)\Common Files\NetSarang;C:\Program Files (x86)\Intel\iCLS Client\;C:\Program Files\Intel\iCLS Client\;C:\Windows\system32;C:\Windows;C:\Windows\System32\Wbem;C:\Windows\System32\WindowsPowerShell\v1.0\;C:\Program Files (x86)\Microsoft Team Foundation Server 2013 Power Tools\;C:\Program Files\TortoiseSVN\bin;C:\Program Files\doxygen\bin;C:\Program Files (x86)\Tesseract-OCR;C:\Program Files\Java\jdk1.8.0_131\bin;C:\Ruby23-x64\bin;C:\Program Files (x86)\MySQL\MySQL Server 5.6\bin;C:\Users\deepsky\Documents\work\devprogram\apache-ant-1.9.5\bin;C:\Users\deepsky\Gradle\gradle-3.2\bin;C:\Program Files (x86)\MySQL\MySQL Server 5.6;C:\Users\deepsky\Desktop\work\apache-ant-1.9.5\bin;C:\Users\deepsky\Documents\work\devprogram\maven\bin;C:\Users\deepsky\AppData\Local\GitHubDesktop\bin;C:\Users\deepsky\AppData\Local\Programs\Python\Python27;C:\Users\deepsky\pip\pip.ini;C:\Users\deepsky\AppData\Local\Programs\Python\Python37\Scripts;C:\Users\deepsky\Documents\work\devprogram;C:\Program Files\Docker Toolbox;C:\Users\deepsky\Desktop\work\eclipse-jee-oxygen-R-win32-x86_64\eclipse;
USERNAME=deepsky
OS=Windows_NT
PROCESSOR_IDENTIFIER=Intel64 Family 6 Model 61 Stepping 4, GenuineIntel



---------------  S Y S T E M  ---------------

OS: Windows 8.1 , 64 bit Build 9600 (6.3.9600.17031)

CPU:total 4 (initial active 4) (2 cores per cpu, 2 threads per core) family 6 model 61 stepping 4, cmov, cx8, fxsr, mmx, sse, sse2, sse3, ssse3, sse4.1, sse4.2, popcnt, avx, avx2, aes, clmul, erms, 3dnowpref, lzcnt, ht, tsc, tscinvbit, bmi1, bmi2, adx

Memory: 4k page, physical 8288676k(1044184k free), swap 12384676k(8328k free)

vm_info: Java HotSpot(TM) 64-Bit Server VM (25.131-b11) for windows-amd64 JRE (1.8.0_131-b11), built on Mar 15 2017 01:23:53 by "java_re" with MS VC++ 10.0 (VS2010)

time: Mon Dec 03 17:24:42 2018
elapsed time: 9 seconds (0d 0h 0m 9s)

